<?xml version="1.0" encoding="UTF-8"?>
<!-- Generated by org.testng.reporters.JUnitReportReporter -->
<testsuite skipped="0" hostname="DESKTOP-CA3APEP" name="org.lang.PageExecution" tests="2" failures="0" timestamp="18 Jul 2020 17:44:13 GMT" time="0.062" errors="0">
  <testcase name="method4" time="0.008" classname="org.lang.PageExecution"/>
  <testcase name="method2" time="0.054" classname="org.lang.PageExecution"/>
</testsuite> <!-- org.lang.PageExecution -->
